[debug] [2025-12-15T07:52:36.708Z] ----------------------------------------------------------------------
[debug] [2025-12-15T07:52:36.711Z] Command:       C:\Program Files\nodejs\node.exe C:\Users\humer\AppData\Roaming\npm\node_modules\firebase-tools\lib\bin\firebase.js deploy
[debug] [2025-12-15T07:52:36.711Z] CLI Version:   14.27.0
[debug] [2025-12-15T07:52:36.711Z] Platform:      win32
[debug] [2025-12-15T07:52:36.712Z] Node Version:  v22.19.0
[debug] [2025-12-15T07:52:36.712Z] Time:          Mon Dec 15 2025 13:22:36 GMT+0530 (India Standard Time)
[debug] [2025-12-15T07:52:36.712Z] ----------------------------------------------------------------------
[debug] 
[debug] [2025-12-15T07:52:36.714Z] >>> [apiv2][query] GET https://firebase-public.firebaseio.com/cli.json [none]
[debug] [2025-12-15T07:52:36.945Z] > command requires scopes: ["email","openid","https://www.googleapis.com/auth/cloudplatformprojects.readonly","https://www.googleapis.com/auth/firebase","https://www.googleapis.com/auth/cloud-platform"]
[debug] [2025-12-15T07:52:36.946Z] > authorizing via signed-in user (humer@techxplorers.in)
[debug] [2025-12-15T07:52:36.946Z] [iam] checking project ngonge-llc for permissions ["firebase.projects.get","firebasehosting.sites.update"]
[debug] [2025-12-15T07:52:36.946Z] Checked if tokens are valid: false, expires at: 1765547275318
[debug] [2025-12-15T07:52:36.946Z] Checked if tokens are valid: false, expires at: 1765547275318
[debug] [2025-12-15T07:52:36.947Z] > refreshing access token with scopes: []
[debug] [2025-12-15T07:52:36.947Z] >>> [apiv2][query] POST https://www.googleapis.com/oauth2/v3/token [none]
[debug] [2025-12-15T07:52:36.947Z] >>> [apiv2][body] POST https://www.googleapis.com/oauth2/v3/token [omitted]
[debug] [2025-12-15T07:52:37.493Z] <<< [apiv2][status] POST https://www.googleapis.com/oauth2/v3/token 200
[debug] [2025-12-15T07:52:37.494Z] <<< [apiv2][body] POST https://www.googleapis.com/oauth2/v3/token [omitted]
[debug] [2025-12-15T07:52:37.506Z] >>> [apiv2][query] POST https://cloudresourcemanager.googleapis.com/v1/projects/ngonge-llc:testIamPermissions [none]
[debug] [2025-12-15T07:52:37.506Z] >>> [apiv2][(partial)header] POST https://cloudresourcemanager.googleapis.com/v1/projects/ngonge-llc:testIamPermissions x-goog-quota-user=projects/ngonge-llc
[debug] [2025-12-15T07:52:37.506Z] >>> [apiv2][body] POST https://cloudresourcemanager.googleapis.com/v1/projects/ngonge-llc:testIamPermissions {"permissions":["firebase.projects.get","firebasehosting.sites.update"]}
[debug] [2025-12-15T07:52:38.068Z] <<< [apiv2][status] GET https://firebase-public.firebaseio.com/cli.json 200
[debug] [2025-12-15T07:52:38.068Z] <<< [apiv2][body] GET https://firebase-public.firebaseio.com/cli.json {"cloudBuildErrorAfter":1594252800000,"cloudBuildWarnAfter":1590019200000,"defaultNode10After":1594252800000,"minVersion":"3.0.5","node8DeploysDisabledAfter":1613390400000,"node8RuntimeDisabledAfter":1615809600000,"node8WarnAfter":1600128000000}
[debug] [2025-12-15T07:52:39.790Z] <<< [apiv2][status] POST https://cloudresourcemanager.googleapis.com/v1/projects/ngonge-llc:testIamPermissions 200
[debug] [2025-12-15T07:52:39.790Z] <<< [apiv2][body] POST https://cloudresourcemanager.googleapis.com/v1/projects/ngonge-llc:testIamPermissions {}
[debug] [2025-12-15T07:52:39.790Z] [iam] error while checking permissions, command may fail: Authorization failed. This account is missing the following required permissions on project ngonge-llc:

  firebase.projects.get
  firebasehosting.sites.update
[debug] [2025-12-15T07:52:39.790Z] Checked if tokens are valid: true, expires at: 1765788756494
[debug] [2025-12-15T07:52:39.790Z] Checked if tokens are valid: true, expires at: 1765788756494
[debug] [2025-12-15T07:52:39.791Z] >>> [apiv2][query] GET https://firebase.googleapis.com/v1beta1/projects/ngonge-llc [none]
[debug] [2025-12-15T07:52:41.424Z] <<< [apiv2][status] GET https://firebase.googleapis.com/v1beta1/projects/ngonge-llc 403
[debug] [2025-12-15T07:52:41.425Z] <<< [apiv2][body] GET https://firebase.googleapis.com/v1beta1/projects/ngonge-llc {"error":{"code":403,"message":"The caller does not have permission","status":"PERMISSION_DENIED"}}
[debug] [2025-12-15T07:52:41.425Z] Request to https://firebase.googleapis.com/v1beta1/projects/ngonge-llc had HTTP Error: 403, The caller does not have permission
[debug] [2025-12-15T07:52:42.097Z] FirebaseError: Request to https://firebase.googleapis.com/v1beta1/projects/ngonge-llc had HTTP Error: 403, The caller does not have permission
    at responseToError (C:\Users\humer\AppData\Roaming\npm\node_modules\firebase-tools\lib\responseToError.js:53:12)
    at RetryOperation._fn (C:\Users\humer\AppData\Roaming\npm\node_modules\firebase-tools\lib\apiv2.js:322:77)
    at process.processTicksAndRejections (node:internal/process/task_queues:105:5)
[error] 
[error] Error: Failed to get Firebase project ngonge-llc. Please make sure the project exists and your account has permission to access it.
